<?xml version="1.0" encoding="UTF-8"?>
<testsuite name="com.easylife.easylife.EasyLifeApplicationTests" tests="1" skipped="0" failures="0" errors="0" timestamp="2025-05-08T23:51:49.168Z" hostname="DESKTOP-A9OMF9K" time="0.584">
  <properties/>
  <testcase name="contextLoads()" classname="com.easylife.easylife.EasyLifeApplicationTests" time="0.584"/>
  <system-out><![CDATA[01:51:44.278 [Test worker] INFO org.springframework.test.context.support.AnnotationConfigContextLoaderUtils -- Could not detect default configuration classes for test class [com.easylife.easylife.EasyLifeApplicationTests]: EasyLifeApplicationTests does not declare any static, non-private, non-final, nested classes annotated with @Configuration.
01:51:44.417 [Test worker] INFO org.springframework.boot.test.context.SpringBootTestContextBootstrapper -- Found @SpringBootConfiguration com.easylife.EasyLifeApplication for test class com.easylife.easylife.EasyLifeApplicationTests

  .   ____          _            __ _ _
 /\\ / ___'_ __ _ _(_)_ __  __ _ \ \ \ \
( ( )\___ | '_ | '_| | '_ \/ _` | \ \ \ \
 \\/  ___)| |_)| | | | | || (_| |  ) ) ) )
  '  |____| .__|_| |_|_| |_\__, | / / / /
 =========|_|==============|___/=/_/_/_/

 :: Spring Boot ::                (v3.4.5)

2025-05-09T01:51:44.900+02:00  INFO 20428 --- [easy-life] [    Test worker] c.e.easylife.EasyLifeApplicationTests    : Starting EasyLifeApplicationTests using Java 17.0.12 with PID 20428 (started by Raffaele in C:\Users\Raffaele\Documents\Project\MarketDigitalGaming\EasyLife)
2025-05-09T01:51:44.903+02:00  INFO 20428 --- [easy-life] [    Test worker] c.e.easylife.EasyLifeApplicationTests    : No active profile set, falling back to 1 default profile: "default"
2025-05-09T01:51:45.638+02:00  INFO 20428 --- [easy-life] [    Test worker] .s.d.r.c.RepositoryConfigurationDelegate : Bootstrapping Spring Data JPA repositories in DEFAULT mode.
2025-05-09T01:51:45.700+02:00  INFO 20428 --- [easy-life] [    Test worker] .s.d.r.c.RepositoryConfigurationDelegate : Finished Spring Data repository scanning in 49 ms. Found 1 JPA repository interface.
2025-05-09T01:51:46.120+02:00  INFO 20428 --- [easy-life] [    Test worker] o.hibernate.jpa.internal.util.LogHelper  : HHH000204: Processing PersistenceUnitInfo [name: default]
2025-05-09T01:51:46.180+02:00  INFO 20428 --- [easy-life] [    Test worker] org.hibernate.Version                    : HHH000412: Hibernate ORM core version 6.6.13.Final
2025-05-09T01:51:46.218+02:00  INFO 20428 --- [easy-life] [    Test worker] o.h.c.internal.RegionFactoryInitiator    : HHH000026: Second-level cache disabled
2025-05-09T01:51:46.537+02:00  INFO 20428 --- [easy-life] [    Test worker] o.s.o.j.p.SpringPersistenceUnitInfo      : No LoadTimeWeaver setup: ignoring JPA class transformer
2025-05-09T01:51:46.571+02:00  INFO 20428 --- [easy-life] [    Test worker] com.zaxxer.hikari.HikariDataSource       : HikariPool-1 - Starting...
2025-05-09T01:51:46.773+02:00  INFO 20428 --- [easy-life] [    Test worker] com.zaxxer.hikari.pool.HikariPool        : HikariPool-1 - Added connection org.postgresql.jdbc.PgConnection@75452aea
2025-05-09T01:51:46.776+02:00  INFO 20428 --- [easy-life] [    Test worker] com.zaxxer.hikari.HikariDataSource       : HikariPool-1 - Start completed.
2025-05-09T01:51:46.818+02:00  WARN 20428 --- [easy-life] [    Test worker] org.hibernate.orm.deprecation            : HHH90000025: PostgreSQLDialect does not need to be specified explicitly using 'hibernate.dialect' (remove the property setting and it will be selected by default)
2025-05-09T01:51:46.839+02:00  INFO 20428 --- [easy-life] [    Test worker] org.hibernate.orm.connections.pooling    : HHH10001005: Database info:
	Database JDBC URL [Connecting through datasource 'HikariDataSource (HikariPool-1)']
	Database driver: undefined/unknown
	Database version: 17.4
	Autocommit mode: undefined/unknown
	Isolation level: undefined/unknown
	Minimum pool size: undefined/unknown
	Maximum pool size: undefined/unknown
2025-05-09T01:51:47.819+02:00  INFO 20428 --- [easy-life] [    Test worker] o.h.e.t.j.p.i.JtaPlatformInitiator       : HHH000489: No JTA platform available (set 'hibernate.transaction.jta.platform' to enable JTA platform integration)
2025-05-09T01:51:48.001+02:00  INFO 20428 --- [easy-life] [    Test worker] j.LocalContainerEntityManagerFactoryBean : Initialized JPA EntityManagerFactory for persistence unit 'default'
2025-05-09T01:51:48.524+02:00  WARN 20428 --- [easy-life] [    Test worker] JpaBaseConfiguration$JpaWebConfiguration : spring.jpa.open-in-view is enabled by default. Therefore, database queries may be performed during view rendering. Explicitly configure spring.jpa.open-in-view to disable this warning
2025-05-09T01:51:49.148+02:00  INFO 20428 --- [easy-life] [    Test worker] c.e.easylife.EasyLifeApplicationTests    : Started EasyLifeApplicationTests in 4.546 seconds (process running for 5.849)
]]></system-out>
  <system-err><![CDATA[]]></system-err>
</testsuite>
